
     Program epsilon v.6.4.1 starts on  1Aug2021 at  0: 2:24 

     This program is part of the open-source Quantum ESPRESSO suite
     for quantum simulation of materials; please cite
         "P. Giannozzi et al., J. Phys.:Condens. Matter 21 395502 (2009);
         "P. Giannozzi et al., J. Phys.:Condens. Matter 29 465901 (2017);
          URL http://www.quantum-espresso.org", 
     in publications or presentations arising from this work. More details at
     http://www.quantum-espresso.org/quote

     Parallel version (MPI & OpenMP), running on      12 processor cores
     Number of MPI processes:                 1
     Threads/MPI process:                    12

     MPI processes distributed on     1 nodes


     Reading input file...
     Broadcasting variables...
     Reading PW restart file...

     Reading data from directory:
     ./\silicon.save\

     IMPORTANT: XC functional enforced from input :
     Exchange-correlation      = PZ ( 1  1  0  0 0 0)
     Any further DFT definition will be discarded
     Please, verify this is what you really want


     G-vector sticks info
     --------------------
     sticks:   dense  smooth     PW     G-vecs:    dense   smooth      PW
     Sum         367     367    121                 4621     4621     869



     Fermi energy [eV] is:  0.00000
     The system is a dielectric...
     metalling system: redefining wmin =     0.000000

     Performing eps calculation...

     xx,yy,zz plasmon frequences [eV] are:    21.414997345   26.033310362   26.033287045

     Writing output on file...


     eps          :      0.14s CPU      0.03s WALL (       1 calls)
     dipole_calc  :      0.00s CPU      0.00s WALL (      41 calls)


     epsilon      :      0.61s CPU      0.35s WALL


   This run was terminated on:   0: 2:24   1Aug2021            

=------------------------------------------------------------------------------=
   JOB DONE.
=------------------------------------------------------------------------------=
