
Currently Loaded Modules:
  1) intel/19.1.1   4) autotools/1.2   7) pmix/3.1.4     10) TACC
  2) impi/19.0.9    5) python3/3.7.0   8) hwloc/1.11.12
  3) git/2.24.1     6) cmake/3.20.3    9) xalt/2.10.34

 

/work2/08220/kfluo/frontera/prog/Graphene/phonon
Thu Jun  9 18:33:03 CDT 2022
forrtl: severe (24): end-of-file during read, unit 5, file /work2/08220/kfluo/frontera/prog/Graphene/phonon/q2r.in
Image              PC                Routine            Line        Source             
q2r.x              00000000004A57AB  Unknown               Unknown  Unknown
q2r.x              00000000004D1AEF  Unknown               Unknown  Unknown
q2r.x              000000000040A35B  do_q2r_                    84  do_q2r.f90
q2r.x              0000000000406076  MAIN__                    105  q2r.f90
q2r.x              0000000000405D12  Unknown               Unknown  Unknown
libc-2.17.so       00002B160FF8E555  __libc_start_main     Unknown  Unknown
q2r.x              0000000000405C29  Unknown               Unknown  Unknown
forrtl: No such file or directory
forrtl: severe (29): file not found, unit 1, file /work2/08220/kfluo/frontera/prog/Graphene/phonon/graphene.fc
Image              PC                Routine            Line        Source             
matdyn.x           00000000005473BB  Unknown               Unknown  Unknown
matdyn.x           00000000005634D0  Unknown               Unknown  Unknown
matdyn.x           00000000004149FF  readfc_                   881  matdyn.f90
matdyn.x           0000000000406BB2  MAIN__                    348  matdyn.f90
matdyn.x           0000000000405D52  Unknown               Unknown  Unknown
libc-2.17.so       00002B2184865555  __libc_start_main     Unknown  Unknown
matdyn.x           0000000000405C69  Unknown               Unknown  Unknown
Thu Jun  9 18:33:04 CDT 2022
