
Currently Loaded Modules:
  1) intel/19.1.1   4) autotools/1.2   7) pmix/3.1.4     10) TACC
  2) impi/19.0.9    5) python3/3.7.0   8) hwloc/1.11.12
  3) git/2.24.1     6) cmake/3.20.3    9) xalt/2.10.34

 

/work2/08220/kfluo/frontera/prog/Graphene/phonon
Thu Jun  9 18:24:46 CDT 2022
forrtl: severe (24): end-of-file during read, unit 5, file /work2/08220/kfluo/frontera/prog/Graphene/phonon/q2r.in
Image              PC                Routine            Line        Source             
q2r.x              00000000004A57AB  Unknown               Unknown  Unknown
q2r.x              00000000004D1AEF  Unknown               Unknown  Unknown
q2r.x              000000000040A35B  do_q2r_                    84  do_q2r.f90
q2r.x              0000000000406076  MAIN__                    105  q2r.f90
q2r.x              0000000000405D12  Unknown               Unknown  Unknown
libc-2.17.so       00002B3E28427555  __libc_start_main     Unknown  Unknown
q2r.x              0000000000405C29  Unknown               Unknown  Unknown
forrtl: No such file or directory
forrtl: severe (29): file not found, unit 1, file /work2/08220/kfluo/frontera/prog/Graphene/phonon/graphene.fc
Image              PC                Routine            Line        Source             
matdyn.x           00000000005473BB  Unknown               Unknown  Unknown
matdyn.x           00000000005634D0  Unknown               Unknown  Unknown
matdyn.x           00000000004149FF  readfc_                   881  matdyn.f90
matdyn.x           0000000000406BB2  MAIN__                    348  matdyn.f90
matdyn.x           0000000000405D52  Unknown               Unknown  Unknown
libc-2.17.so       00002B119981C555  __libc_start_main     Unknown  Unknown
matdyn.x           0000000000405C69  Unknown               Unknown  Unknown
TACC:  Starting up job 4473640 
TACC:  Starting parallel tasks... 
[mpiexec@c206-029.frontera.tacc.utexas.edu] match_arg (../../../../../src/pm/i_hydra/libhydra/arg/hydra_arg.c:91): unrecognized argument nk
[mpiexec@c206-029.frontera.tacc.utexas.edu] Similar arguments:
[mpiexec@c206-029.frontera.tacc.utexas.edu] 	 V
[mpiexec@c206-029.frontera.tacc.utexas.edu] 	 np
[mpiexec@c206-029.frontera.tacc.utexas.edu] 	 n
[mpiexec@c206-029.frontera.tacc.utexas.edu] 	 f
[mpiexec@c206-029.frontera.tacc.utexas.edu] 	 s
[mpiexec@c206-029.frontera.tacc.utexas.edu] HYD_arg_parse_array (../../../../../src/pm/i_hydra/libhydra/arg/hydra_arg.c:128): argument matching returned error
[mpiexec@c206-029.frontera.tacc.utexas.edu] mpiexec_get_parameters (../../../../../src/pm/i_hydra/mpiexec/mpiexec_params.c:1338): error parsing input array
[mpiexec@c206-029.frontera.tacc.utexas.edu] main (../../../../../src/pm/i_hydra/mpiexec/mpiexec.c:1738): error parsing parameters
TACC:  MPI job exited with code: 255 
TACC:  Shutdown complete. Exiting. 
Thu Jun  9 18:24:47 CDT 2022
