     diagonalizing the dynamical matrix ...

 q =       0.0000      0.0000      0.0000
 **************************************************************************
     freq (    1) =      -0.000000 [THz] =      -0.000003 [cm-1]
 (  0.707107   0.000000     0.000000  -0.000000     0.000000   0.000000   )
 (  0.707107   0.000000     0.000000   0.000000     0.000000   0.000000   )
     freq (    2) =      -0.000000 [THz] =      -0.000001 [cm-1]
 (  0.000000   0.000000     0.923880   0.000000     0.000000   0.000000   )
 (  0.000000   0.000000    -0.382683   0.000000     0.000000   0.000000   )
     freq (    3) =      -0.000000 [THz] =      -0.000001 [cm-1]
 (  0.000000  -0.000000     0.000000  -0.000000     0.923880  -0.000000   )
 (  0.000000  -0.000000     0.000000   0.000000    -0.382683   0.000000   )
     freq (    4) =       0.000000 [THz] =       0.000000 [cm-1]
 (  0.000000  -0.000000     0.382683   0.000000     0.000000   0.000000   )
 (  0.000000   0.000000     0.923880   0.000000     0.000000   0.000000   )
     freq (    5) =       0.000000 [THz] =       0.000000 [cm-1]
 (  0.000000   0.000000     0.000000   0.000000    -0.382683   0.000000   )
 (  0.000000   0.000000     0.000000   0.000000    -0.923880   0.000000   )
     freq (    6) =      16.616661 [THz] =     554.272154 [cm-1]
 (  0.707107   0.000000     0.000000   0.000000     0.000000   0.000000   )
 ( -0.707107   0.000000     0.000000   0.000000     0.000000   0.000000   )
 **************************************************************************
