     diagonalizing the dynamical matrix ...

 q =       0.0000      0.0000      0.0000
 **************************************************************************
     freq (    1) =      -0.000000 [THz] =      -0.000003 [cm-1]
 (  0.000000   0.000000    -0.503708   0.000000    -0.496264   0.000000   )
 (  0.000000   0.000000    -0.503708   0.000000    -0.496264   0.000000   )
     freq (    2) =       0.000000 [THz] =       0.000000 [cm-1]
 ( -0.707107   0.000000     0.000000   0.000000     0.000000   0.000000   )
 ( -0.707107   0.000000     0.000000   0.000000     0.000000   0.000000   )
     freq (    3) =       0.000000 [THz] =       0.000001 [cm-1]
 (  0.000000   0.000000    -0.496264   0.000000     0.503708   0.000000   )
 (  0.000000   0.000000    -0.496264   0.000000     0.503708   0.000000   )
     freq (    4) =       8.264363 [THz] =     275.669470 [cm-1]
 (  0.000000   0.000000    -0.000000   0.000000     0.732055   0.000000   )
 (  0.000000   0.000000     0.000000   0.000000    -0.681245   0.000000   )
     freq (    5) =       8.264363 [THz] =     275.669470 [cm-1]
 (  0.000000  -0.000000     0.732055   0.000000     0.000000   0.000000   )
 (  0.000000   0.000000    -0.681245   0.000000     0.000000   0.000000   )
     freq (    6) =       8.866903 [THz] =     295.768046 [cm-1]
 ( -0.732055   0.000000     0.000000   0.000000     0.000000   0.000000   )
 (  0.681245   0.000000     0.000000   0.000000     0.000000   0.000000   )
 **************************************************************************
